Build started 5/2/2012 5:30:51 PM.
     1>Project "C:\Users\Ariana\Documents\Visual Studio 2010\Projects\CST 238\Final Project folder\FinalProject_problem1\FinalProject_problem1\FinalProject_problem1.vcxproj" on node 2 (build target(s)).
     1>InitializeBuildStatus:
         Creating "Debug\FinalProject_problem1.unsuccessfulbuild" because "AlwaysCreate" was specified.
       ClCompile:
         All outputs are up-to-date.
       ManifestResourceCompile:
         All outputs are up-to-date.
       Link:
         c:\Program Files (x86)\Microsoft Visual Studio 10.0\VC\bin\link.exe /ERRORREPORT:PROMPT /OUT:"C:\Users\Ariana\Documents\Visual Studio 2010\Projects\CST 238\Final Project folder\FinalProject_problem1\Debug\FinalProject_problem1.exe" /INCREMENTAL /NOLOGO kernel32.lib user32.lib gdi32.lib winspool.lib comdlg32.lib advapi32.lib shell32.lib ole32.lib oleaut32.lib uuid.lib odbc32.lib odbccp32.lib /MANIFEST /ManifestFile:"Debug\FinalProject_problem1.exe.intermediate.manifest" /MANIFESTUAC:"level='asInvoker' uiAccess='false'" /DEBUG /PDB:"C:\Users\Ariana\Documents\Visual Studio 2010\Projects\CST 238\Final Project folder\FinalProject_problem1\Debug\FinalProject_problem1.pdb" /SUBSYSTEM:CONSOLE /TLBID:1 /DYNAMICBASE /NXCOMPAT /IMPLIB:"C:\Users\Ariana\Documents\Visual Studio 2010\Projects\CST 238\Final Project folder\FinalProject_problem1\Debug\FinalProject_problem1.lib" /MACHINE:X86 Debug\FinalProject_problem1.exe.embed.manifest.res
         Debug\Airplane.obj
         Debug\LLQueue.obj
         Debug\Problem1Driver.obj
         Debug\Runway.obj
       Manifest:
         C:\Program Files (x86)\Microsoft SDKs\Windows\v7.0A\bin\mt.exe /nologo /verbose /out:"Debug\FinalProject_problem1.exe.embed.manifest" /manifest Debug\FinalProject_problem1.exe.intermediate.manifest
         All outputs are up-to-date.
       LinkEmbedManifest:
         All outputs are up-to-date.
         FinalProject_problem1.vcxproj -> C:\Users\Ariana\Documents\Visual Studio 2010\Projects\CST 238\Final Project folder\FinalProject_problem1\Debug\FinalProject_problem1.exe
       FinalizeBuildStatus:
         Deleting file "Debug\FinalProject_problem1.unsuccessfulbuild".
         Touching "Debug\FinalProject_problem1.lastbuildstate".
     1>Done Building Project "C:\Users\Ariana\Documents\Visual Studio 2010\Projects\CST 238\Final Project folder\FinalProject_problem1\FinalProject_problem1\FinalProject_problem1.vcxproj" (build target(s)).

Build succeeded.

Time Elapsed 00:00:00.69
