Build started 12/10/2011 2:15:16 PM.
     1>Project "C:\Users\Ariana\Documents\Visual Studio 2010\Projects\CST 238\Final Project folder\mazer_finalProject_problem2\mazer_finalProject_problem2\mazer_finalProject_problem2.vcxproj" on node 2 (build target(s)).
     1>InitializeBuildStatus:
         Creating "Debug\mazer_finalProject_problem2.unsuccessfulbuild" because "AlwaysCreate" was specified.
       ClCompile:
         c:\Program Files (x86)\Microsoft Visual Studio 10.0\VC\bin\CL.exe /c /ZI /nologo /W3 /WX- /Od /Oy- /D WIN32 /D _DEBUG /D _CONSOLE /D _UNICODE /D UNICODE /Gm /EHsc /RTC1 /MDd /GS /fp:precise /Zc:wchar_t /Zc:forScope /Fo"Debug\\" /Fd"Debug\vc100.pdb" /Gd /TP /analyze- /errorReport:prompt Problem2Driver.cpp
         Problem2Driver.cpp
     1>c:\users\ariana\documents\visual studio 2010\projects\cst 238\final project folder\mazer_finalproject_problem2\mazer_finalproject_problem2\problem2driver.cpp(43): warning C4018: '<' : signed/unsigned mismatch
     1>c:\users\ariana\documents\visual studio 2010\projects\cst 238\final project folder\mazer_finalproject_problem2\mazer_finalproject_problem2\problem2driver.cpp(47): warning C4018: '<' : signed/unsigned mismatch
     1>c:\users\ariana\documents\visual studio 2010\projects\cst 238\final project folder\mazer_finalproject_problem2\mazer_finalproject_problem2\problem2driver.cpp(24): warning C4101: 'val' : unreferenced local variable
       ManifestResourceCompile:
         All outputs are up-to-date.
       Link:
         c:\Program Files (x86)\Microsoft Visual Studio 10.0\VC\bin\link.exe /ERRORREPORT:PROMPT /OUT:"C:\Users\Ariana\Documents\Visual Studio 2010\Projects\CST 238\Final Project folder\mazer_finalProject_problem2\Debug\mazer_finalProject_problem2.exe" /INCREMENTAL /NOLOGO kernel32.lib user32.lib gdi32.lib winspool.lib comdlg32.lib advapi32.lib shell32.lib ole32.lib oleaut32.lib uuid.lib odbc32.lib odbccp32.lib /MANIFEST /ManifestFile:"Debug\mazer_finalProject_problem2.exe.intermediate.manifest" /MANIFESTUAC:"level='asInvoker' uiAccess='false'" /DEBUG /PDB:"C:\Users\Ariana\Documents\Visual Studio 2010\Projects\CST 238\Final Project folder\mazer_finalProject_problem2\Debug\mazer_finalProject_problem2.pdb" /SUBSYSTEM:CONSOLE /TLBID:1 /DYNAMICBASE /NXCOMPAT /IMPLIB:"C:\Users\Ariana\Documents\Visual Studio 2010\Projects\CST 238\Final Project folder\mazer_finalProject_problem2\Debug\mazer_finalProject_problem2.lib" /MACHINE:X86 Debug\mazer_finalProject_problem2.exe.embed.manifest.res
         Debug\HashTable.obj
         Debug\LList.obj
         Debug\Problem2Driver.obj
       Manifest:
         C:\Program Files (x86)\Microsoft SDKs\Windows\v7.0A\bin\mt.exe /nologo /verbose /out:"Debug\mazer_finalProject_problem2.exe.embed.manifest" /manifest Debug\mazer_finalProject_problem2.exe.intermediate.manifest
         All outputs are up-to-date.
       LinkEmbedManifest:
         All outputs are up-to-date.
         mazer_finalProject_problem2.vcxproj -> C:\Users\Ariana\Documents\Visual Studio 2010\Projects\CST 238\Final Project folder\mazer_finalProject_problem2\Debug\mazer_finalProject_problem2.exe
       FinalizeBuildStatus:
         Deleting file "Debug\mazer_finalProject_problem2.unsuccessfulbuild".
         Touching "Debug\mazer_finalProject_problem2.lastbuildstate".
     1>Done Building Project "C:\Users\Ariana\Documents\Visual Studio 2010\Projects\CST 238\Final Project folder\mazer_finalProject_problem2\mazer_finalProject_problem2\mazer_finalProject_problem2.vcxproj" (build target(s)).

Build succeeded.

Time Elapsed 00:00:02.83
