Build started 6/8/2011 11:08:55 AM.
     1>Project "C:\Users\Ariana\Documents\Visual Studio 2010\Projects\mazer_finalproject\mazer_finalproject\mazer_finalproject.vcxproj" on node 2 (build target(s)).
     1>InitializeBuildStatus:
         Creating "Debug\mazer_finalproject.unsuccessfulbuild" because "AlwaysCreate" was specified.
       ClCompile:
         C:\Program Files (x86)\Microsoft Visual Studio 10.0\VC\bin\CL.exe /c /ZI /nologo /W3 /WX- /Od /Oy- /D WIN32 /D _DEBUG /D _CONSOLE /D _UNICODE /D UNICODE /Gm /EHsc /RTC1 /MDd /GS /fp:precise /Zc:wchar_t /Zc:forScope /Fo"Debug\\" /Fd"Debug\vc100.pdb" /Gd /TP /analyze- /errorReport:prompt mazer_finalproject.cpp
         mazer_finalproject.cpp
     1>c:\users\ariana\documents\visual studio 2010\projects\mazer_finalproject\mazer_finalproject\mazer_finalproject.cpp(69): warning C4018: '<' : signed/unsigned mismatch
     1>c:\users\ariana\documents\visual studio 2010\projects\mazer_finalproject\mazer_finalproject\mazer_finalproject.cpp(108): warning C4018: '<' : signed/unsigned mismatch
     1>c:\users\ariana\documents\visual studio 2010\projects\mazer_finalproject\mazer_finalproject\mazer_finalproject.cpp(127): warning C4018: '<' : signed/unsigned mismatch
       ManifestResourceCompile:
         All outputs are up-to-date.
       Link:
         C:\Program Files (x86)\Microsoft Visual Studio 10.0\VC\bin\link.exe /ERRORREPORT:PROMPT /OUT:"C:\Users\Ariana\Documents\Visual Studio 2010\Projects\mazer_finalproject\Debug\mazer_finalproject.exe" /INCREMENTAL /NOLOGO kernel32.lib user32.lib gdi32.lib winspool.lib comdlg32.lib advapi32.lib shell32.lib ole32.lib oleaut32.lib uuid.lib odbc32.lib odbccp32.lib /MANIFEST /ManifestFile:"Debug\mazer_finalproject.exe.intermediate.manifest" /MANIFESTUAC:"level='asInvoker' uiAccess='false'" /DEBUG /PDB:"C:\Users\Ariana\Documents\Visual Studio 2010\Projects\mazer_finalproject\Debug\mazer_finalproject.pdb" /SUBSYSTEM:CONSOLE /TLBID:1 /DYNAMICBASE /NXCOMPAT /IMPLIB:"C:\Users\Ariana\Documents\Visual Studio 2010\Projects\mazer_finalproject\Debug\mazer_finalproject.lib" /MACHINE:X86 Debug\mazer_finalproject.exe.embed.manifest.res
         Debug\mazer_finalproject.obj
       Manifest:
         C:\Program Files (x86)\Microsoft SDKs\Windows\v7.0A\bin\mt.exe /nologo /verbose /out:"Debug\mazer_finalproject.exe.embed.manifest" /manifest Debug\mazer_finalproject.exe.intermediate.manifest
         All outputs are up-to-date.
       LinkEmbedManifest:
         All outputs are up-to-date.
         mazer_finalproject.vcxproj -> C:\Users\Ariana\Documents\Visual Studio 2010\Projects\mazer_finalproject\Debug\mazer_finalproject.exe
       FinalizeBuildStatus:
         Deleting file "Debug\mazer_finalproject.unsuccessfulbuild".
         Touching "Debug\mazer_finalproject.lastbuildstate".
     1>Done Building Project "C:\Users\Ariana\Documents\Visual Studio 2010\Projects\mazer_finalproject\mazer_finalproject\mazer_finalproject.vcxproj" (build target(s)).

Build succeeded.

Time Elapsed 00:00:03.40
